platforms/android/build/outputs/logs/manifest-merger-debug-report.txt
-- Merging decision tree log ---
manifest
ADDED from platforms\android\AndroidManifest.xml:2:1-31:12
	package
		ADDED from platforms\android\AndroidManifest.xml:2:98-138
		INJECTED from platforms\android\AndroidManifest.xml
		INJECTED from platforms\android\AndroidManifest.xml
	android:versionName
		ADDED from platforms\android\AndroidManifest.xml:2:70-97
		INJECTED from platforms\android\AndroidManifest.xml
		INJECTED from platforms\android\AndroidManifest.xml
	android:hardwareAccelerated
		ADDED from platforms\android\AndroidManifest.xml:2:11-45
	android:versionCode
		ADDED from platforms\android\AndroidManifest.xml:2:46-69
		INJECTED from platforms\android\AndroidManifest.xml
		INJECTED from platforms\android\AndroidManifest.xml
	xmlns:android
		ADDED from platforms\android\AndroidManifest.xml:2:139-197
supports-screens
ADDED from platforms\android\AndroidManifest.xml:3:5-191
	android:largeScreens
		ADDED from platforms\android\AndroidManifest.xml:3:49-76
	android:smallScreens
		ADDED from platforms\android\AndroidManifest.xml:3:132-159
	android:normalScreens
		ADDED from platforms\android\AndroidManifest.xml:3:77-105
	android:xlargeScreens
		ADDED from platforms\android\AndroidManifest.xml:3:160-188
	android:resizeable
		ADDED from platforms\android\AndroidManifest.xml:3:106-131
	android:anyDensity
		ADDED from platforms\android\AndroidManifest.xml:3:23-48
uses-permission#android.permission.INTERNET
ADDED from platforms\android\AndroidManifest.xml:4:5-67
	android:name
		ADDED from platforms\android\AndroidManifest.xml:4:22-64
uses-permission#android.permission.ACCESS_NETWORK_STATE
ADDED from platforms\android\AndroidManifest.xml:5:5-79
	android:name
		ADDED from platforms\android\AndroidManifest.xml:5:22-76
uses-permission#android.permission.ACCESS_COARSE_LOCATION
ADDED from platforms\android\AndroidManifest.xml:6:5-81
	android:name
		ADDED from platforms\android\AndroidManifest.xml:6:22-78
uses-permission#android.permission.ACCESS_FINE_LOCATION
ADDED from platforms\android\AndroidManifest.xml:7:5-79
	android:name
		ADDED from platforms\android\AndroidManifest.xml:7:22-76
uses-permission#android.permission.ACCESS_LOCATION_EXTRA_COMMANDS
ADDED from platforms\android\AndroidManifest.xml:8:5-89
	android:name
		ADDED from platforms\android\AndroidManifest.xml:8:22-86
application
ADDED from platforms\android\AndroidManifest.xml:9:5-27:19
	android:label
		ADDED from platforms\android\AndroidManifest.xml:9:83-115
	android:supportsRtl
		ADDED from platforms\android\AndroidManifest.xml:9:116-142
	android:hardwareAccelerated
		ADDED from platforms\android\AndroidManifest.xml:9:18-52
	android:icon
		ADDED from platforms\android\AndroidManifest.xml:9:53-82
activity#com.tyrannodrake.packagerouter.MainActivity
ADDED from platforms\android\AndroidManifest.xml:10:9-15:20
	android:label
		ADDED from platforms\android\AndroidManifest.xml:10:97-134
	android:launchMode
		ADDED from platforms\android\AndroidManifest.xml:10:135-165
	android:windowSoftInputMode
		ADDED from platforms\android\AndroidManifest.xml:10:257-299
	android:configChanges
		ADDED from platforms\android\AndroidManifest.xml:10:19-96
	android:theme
		ADDED from platforms\android\AndroidManifest.xml:10:194-256
	android:name
		ADDED from platforms\android\AndroidManifest.xml:10:166-193
intent-filter#android.intent.action.MAIN+android.intent.category.LAUNCHER
ADDED from platforms\android\AndroidManifest.xml:11:13-14:29
	android:label
		ADDED from platforms\android\AndroidManifest.xml:11:28-65
action#android.intent.action.MAIN
ADDED from platforms\android\AndroidManifest.xml:12:17-69
	android:name
		ADDED from platforms\android\AndroidManifest.xml:12:25-66
category#android.intent.category.LAUNCHER
ADDED from platforms\android\AndroidManifest.xml:13:17-77
	android:name
		ADDED from platforms\android\AndroidManifest.xml:13:27-74
receiver#de.appplant.cordova.plugin.localnotification.TriggerReceiver
ADDED from platforms\android\AndroidManifest.xml:16:9-122
	android:exported
		ADDED from platforms\android\AndroidManifest.xml:16:19-43
	android:name
		ADDED from platforms\android\AndroidManifest.xml:16:44-119
receiver#de.appplant.cordova.plugin.localnotification.ClearReceiver
ADDED from platforms\android\AndroidManifest.xml:17:9-120
	android:exported
		ADDED from platforms\android\AndroidManifest.xml:17:19-43
	android:name
		ADDED from platforms\android\AndroidManifest.xml:17:44-117
activity#de.appplant.cordova.plugin.localnotification.ClickActivity
ADDED from platforms\android\AndroidManifest.xml:18:9-203
	android:launchMode
		ADDED from platforms\android\AndroidManifest.xml:18:44-79
	android:exported
		ADDED from platforms\android\AndroidManifest.xml:18:19-43
	android:theme
		ADDED from platforms\android\AndroidManifest.xml:18:154-200
	android:name
		ADDED from platforms\android\AndroidManifest.xml:18:80-153
receiver#de.appplant.cordova.plugin.notification.TriggerReceiver
ADDED from platforms\android\AndroidManifest.xml:19:9-117
	android:exported
		ADDED from platforms\android\AndroidManifest.xml:19:19-43
	android:name
		ADDED from platforms\android\AndroidManifest.xml:19:44-114
receiver#de.appplant.cordova.plugin.notification.ClearReceiver
ADDED from platforms\android\AndroidManifest.xml:20:9-115
	android:exported
		ADDED from platforms\android\AndroidManifest.xml:20:19-43
	android:name
		ADDED from platforms\android\AndroidManifest.xml:20:44-112
receiver#de.appplant.cordova.plugin.localnotification.RestoreReceiver
ADDED from platforms\android\AndroidManifest.xml:21:9-25:20
	android:exported
		ADDED from platforms\android\AndroidManifest.xml:21:19-43
	android:name
		ADDED from platforms\android\AndroidManifest.xml:21:44-119
intent-filter#android.intent.action.BOOT_COMPLETED
ADDED from platforms\android\AndroidManifest.xml:22:13-24:29
action#android.intent.action.BOOT_COMPLETED
ADDED from platforms\android\AndroidManifest.xml:23:17-79
	android:name
		ADDED from platforms\android\AndroidManifest.xml:23:25-76
activity#de.appplant.cordova.plugin.notification.ClickActivity
ADDED from platforms\android\AndroidManifest.xml:26:9-198
	android:launchMode
		ADDED from platforms\android\AndroidManifest.xml:26:44-79
	android:exported
		ADDED from platforms\android\AndroidManifest.xml:26:19-43
	android:theme
		ADDED from platforms\android\AndroidManifest.xml:26:149-195
	android:name
		ADDED from platforms\android\AndroidManifest.xml:26:80-148
uses-sdk
ADDED from platforms\android\AndroidManifest.xml:28:5-74
MERGED from [android:CordovaLib:unspecified:debug] AndroidManifest.xml:25:5-44
	android:targetSdkVersion
		ADDED from platforms\android\AndroidManifest.xml:28:42-71
	android:minSdkVersion
		ADDED from platforms\android\AndroidManifest.xml:28:15-41
uses-permission#android.permission.RECEIVE_BOOT_COMPLETED
ADDED from platforms\android\AndroidManifest.xml:29:5-81
	android:name
		ADDED from platforms\android\AndroidManifest.xml:29:22-78
uses-permission#android.permission.WRITE_EXTERNAL_STORAGE
ADDED from platforms\android\AndroidManifest.xml:30:5-81
	android:name
		ADDED from platforms\android\AndroidManifest.xml:30:22-78